# JRE version: OpenJDK Runtime Environment (11.0.7+10) (build 11.0.7+10-b765.53)
# Java VM: OpenJDK 64-Bit Server VM (11.0.7+10-b765.53, mixed mode, tiered, compressed oops, g1 gc, windows-amd64)
Heap:
 garbage-first heap   total 155648K, used 33097K [0x00000000a1000000, 0x0000000100000000)
  region size 1024K, 11 young (11264K), 1 survivors (1024K)
 Metaspace       used 63711K, capacity 65105K, committed 65276K, reserved 1105920K
  class space    used 7689K, capacity 8246K, committed 8320K, reserved 1048576K
GC Heap History (20 events):
Event: 225688.130 GC heap before
{Heap before GC invocations=78 (full 0):
 garbage-first heap   total 155648K, used 116021K [0x00000000a1000000, 0x0000000100000000)
  region size 1024K, 91 young (93184K), 1 survivors (1024K)
 Metaspace       used 63215K, capacity 64596K, committed 64636K, reserved 1105920K
  class space    used 7623K, capacity 8180K, committed 8192K, reserved 1048576K
}
Event: 225688.135 GC heap after
{Heap after GC invocations=79 (full 0):
 garbage-first heap   total 155648K, used 23866K [0x00000000a1000000, 0x0000000100000000)
  region size 1024K, 1 young (1024K), 1 survivors (1024K)
 Metaspace       used 63215K, capacity 64596K, committed 64636K, reserved 1105920K
  class space    used 7623K, capacity 8180K, committed 8192K, reserved 1048576K
}
Event: 229314.332 GC heap before
{Heap before GC invocations=79 (full 0):
 garbage-first heap   total 155648K, used 116026K [0x00000000a1000000, 0x0000000100000000)
  region size 1024K, 91 young (93184K), 1 survivors (1024K)
 Metaspace       used 63215K, capacity 64596K, committed 64636K, reserved 1105920K
  class space    used 7623K, capacity 8180K, committed 8192K, reserved 1048576K
}
Event: 229314.337 GC heap after
{Heap after GC invocations=80 (full 0):
 garbage-first heap   total 155648K, used 23863K [0x00000000a1000000, 0x0000000100000000)
  region size 1024K, 1 young (1024K), 1 survivors (1024K)
 Metaspace       used 63215K, capacity 64596K, committed 64636K, reserved 1105920K
  class space    used 7623K, capacity 8180K, committed 8192K, reserved 1048576K
}
Event: 232878.340 GC heap before
{Heap before GC invocations=80 (full 0):
 garbage-first heap   total 155648K, used 116023K [0x00000000a1000000, 0x0000000100000000)
  region size 1024K, 91 young (93184K), 1 survivors (1024K)
 Metaspace       used 63215K, capacity 64596K, committed 64636K, reserved 1105920K
  class space    used 7623K, capacity 8180K, committed 8192K, reserved 1048576K
}
Event: 232878.346 GC heap after
{Heap after GC invocations=81 (full 0):
 garbage-first heap   total 155648K, used 23868K [0x00000000a1000000, 0x0000000100000000)
  region size 1024K, 1 young (1024K), 1 survivors (1024K)
 Metaspace       used 63215K, capacity 64596K, committed 64636K, reserved 1105920K
  class space    used 7623K, capacity 8180K, committed 8192K, reserved 1048576K
}
Event: 236440.005 GC heap before
{Heap before GC invocations=81 (full 0):
 garbage-first heap   total 155648K, used 116028K [0x00000000a1000000, 0x0000000100000000)
  region size 1024K, 91 young (93184K), 1 survivors (1024K)
 Metaspace       used 63216K, capacity 64596K, committed 64636K, reserved 1105920K
  class space    used 7623K, capacity 8180K, committed 8192K, reserved 1048576K
}
Event: 236440.016 GC heap after
{Heap after GC invocations=82 (full 0):
 garbage-first heap   total 155648K, used 23888K [0x00000000a1000000, 0x0000000100000000)
  region size 1024K, 1 young (1024K), 1 survivors (1024K)
 Metaspace       used 63216K, capacity 64596K, committed 64636K, reserved 1105920K
  class space    used 7623K, capacity 8180K, committed 8192K, reserved 1048576K
}
Event: 240069.804 GC heap before
{Heap before GC invocations=82 (full 0):
 garbage-first heap   total 155648K, used 116048K [0x00000000a1000000, 0x0000000100000000)
  region size 1024K, 91 young (93184K), 1 survivors (1024K)
 Metaspace       used 63216K, capacity 64596K, committed 64636K, reserved 1105920K
  class space    used 7623K, capacity 8180K, committed 8192K, reserved 1048576K
}
Event: 240069.809 GC heap after
{Heap after GC invocations=83 (full 0):
 garbage-first heap   total 155648K, used 23868K [0x00000000a1000000, 0x0000000100000000)
  region size 1024K, 1 young (1024K), 1 survivors (1024K)
 Metaspace       used 63216K, capacity 64596K, committed 64636K, reserved 1105920K
  class space    used 7623K, capacity 8180K, committed 8192K, reserved 1048576K
}
Event: 243650.173 GC heap before
{Heap before GC invocations=83 (full 0):
 garbage-first heap   total 155648K, used 116028K [0x00000000a1000000, 0x0000000100000000)
  region size 1024K, 91 young (93184K), 1 survivors (1024K)
 Metaspace       used 63216K, capacity 64596K, committed 64636K, reserved 1105920K
  class space    used 7623K, capacity 8180K, committed 8192K, reserved 1048576K
}
Event: 243650.179 GC heap after
{Heap after GC invocations=84 (full 0):
 garbage-first heap   total 155648K, used 23878K [0x00000000a1000000, 0x0000000100000000)
  region size 1024K, 1 young (1024K), 1 survivors (1024K)
 Metaspace       used 63216K, capacity 64596K, committed 64636K, reserved 1105920K
  class space    used 7623K, capacity 8180K, committed 8192K, reserved 1048576K
}
Event: 247216.283 GC heap before
{Heap before GC invocations=84 (full 0):
 garbage-first heap   total 155648K, used 116038K [0x00000000a1000000, 0x0000000100000000)
  region size 1024K, 91 young (93184K), 1 survivors (1024K)
 Metaspace       used 63216K, capacity 64596K, committed 64636K, reserved 1105920K
  class space    used 7623K, capacity 8180K, committed 8192K, reserved 1048576K
}
Event: 247216.286 GC heap after
{Heap after GC invocations=85 (full 0):
 garbage-first heap   total 155648K, used 23877K [0x00000000a1000000, 0x0000000100000000)
  region size 1024K, 1 young (1024K), 1 survivors (1024K)
 Metaspace       used 63216K, capacity 64596K, committed 64636K, reserved 1105920K
  class space    used 7623K, capacity 8180K, committed 8192K, reserved 1048576K
}
Event: 250795.145 GC heap before
{Heap before GC invocations=85 (full 0):
 garbage-first heap   total 155648K, used 116037K [0x00000000a1000000, 0x0000000100000000)
  region size 1024K, 91 young (93184K), 1 survivors (1024K)
 Metaspace       used 63224K, capacity 64596K, committed 64636K, reserved 1105920K
  class space    used 7623K, capacity 8180K, committed 8192K, reserved 1048576K
}
Event: 250795.152 GC heap after
{Heap after GC invocations=86 (full 0):
 garbage-first heap   total 155648K, used 23927K [0x00000000a1000000, 0x0000000100000000)
  region size 1024K, 1 young (1024K), 1 survivors (1024K)
 Metaspace       used 63224K, capacity 64596K, committed 64636K, reserved 1105920K
  class space    used 7623K, capacity 8180K, committed 8192K, reserved 1048576K
}
Event: 254555.724 GC heap before
{Heap before GC invocations=86 (full 0):
 garbage-first heap   total 155648K, used 116087K [0x00000000a1000000, 0x0000000100000000)
  region size 1024K, 91 young (93184K), 1 survivors (1024K)
 Metaspace       used 63228K, capacity 64596K, committed 64636K, reserved 1105920K
  class space    used 7623K, capacity 8180K, committed 8192K, reserved 1048576K
}
Event: 254555.803 GC heap after
{Heap after GC invocations=87 (full 0):
 garbage-first heap   total 155648K, used 23930K [0x00000000a1000000, 0x0000000100000000)
  region size 1024K, 1 young (1024K), 1 survivors (1024K)
 Metaspace       used 63228K, capacity 64596K, committed 64636K, reserved 1105920K
  class space    used 7623K, capacity 8180K, committed 8192K, reserved 1048576K
}
Event: 258296.805 GC heap before
{Heap before GC invocations=87 (full 0):
 garbage-first heap   total 155648K, used 116090K [0x00000000a1000000, 0x0000000100000000)
  region size 1024K, 91 young (93184K), 1 survivors (1024K)
 Metaspace       used 63228K, capacity 64596K, committed 64636K, reserved 1105920K
  class space    used 7623K, capacity 8180K, committed 8192K, reserved 1048576K
}
Event: 258296.815 GC heap after
{Heap after GC invocations=88 (full 0):
 garbage-first heap   total 155648K, used 23881K [0x00000000a1000000, 0x0000000100000000)
  region size 1024K, 1 young (1024K), 1 survivors (1024K)
 Metaspace       used 63228K, capacity 64596K, committed 64636K, reserved 1105920K
  class space    used 7623K, capacity 8180K, committed 8192K, reserved 1048576K
}

